{"C:\\Users\\nhutp\\OneDrive\\Documents\\GitHub\\Final\\Backend\\src\\model\\orders.js": {"path":"C:\\Users\\nhutp\\OneDrive\\Documents\\GitHub\\Final\\Backend\\src\\model\\orders.js","statementMap":{"0":{"start":{"line":1,"column":17},"end":{"line":1,"column":36}},"1":{"start":{"line":3,"column":20},"end":{"line":32,"column":4}},"2":{"start":{"line":34,"column":14},"end":{"line":34,"column":50}},"3":{"start":{"line":36,"column":0},"end":{"line":36,"column":23}}},"fnMap":{},"branchMap":{},"s":{"0":1,"1":1,"2":1,"3":1},"f":{},"b":{},"_coverageSchema":"1a1c01bbd47fc00a2c39e90264f33305004495a9","hash":"dcf3a358e0826f936b88a1f4c383df7d797dc6e6"}
,"C:\\Users\\nhutp\\OneDrive\\Documents\\GitHub\\Final\\Backend\\src\\model\\products.js": {"path":"C:\\Users\\nhutp\\OneDrive\\Documents\\GitHub\\Final\\Backend\\src\\model\\products.js","statementMap":{"0":{"start":{"line":1,"column":17},"end":{"line":1,"column":36}},"1":{"start":{"line":3,"column":22},"end":{"line":40,"column":4}},"2":{"start":{"line":42,"column":14},"end":{"line":42,"column":54}},"3":{"start":{"line":44,"column":0},"end":{"line":44,"column":23}}},"fnMap":{},"branchMap":{},"s":{"0":1,"1":1,"2":1,"3":1},"f":{},"b":{},"_coverageSchema":"1a1c01bbd47fc00a2c39e90264f33305004495a9","hash":"b29526b47a64f605285534ef0199023600395873"}
,"C:\\Users\\nhutp\\OneDrive\\Documents\\GitHub\\Final\\Backend\\src\\model\\users.js": {"path":"C:\\Users\\nhutp\\OneDrive\\Documents\\GitHub\\Final\\Backend\\src\\model\\users.js","statementMap":{"0":{"start":{"line":1,"column":17},"end":{"line":1,"column":36}},"1":{"start":{"line":2,"column":15},"end":{"line":2,"column":34}},"2":{"start":{"line":3,"column":12},"end":{"line":3,"column":35}},"3":{"start":{"line":4,"column":15},"end":{"line":4,"column":32}},"4":{"start":{"line":6,"column":19},"end":{"line":65,"column":4}},"5":{"start":{"line":68,"column":0},"end":{"line":71,"column":2}},"6":{"start":{"line":69,"column":15},"end":{"line":69,"column":39}},"7":{"start":{"line":70,"column":2},"end":{"line":70,"column":57}},"8":{"start":{"line":74,"column":0},"end":{"line":83,"column":1}},"9":{"start":{"line":75,"column":18},"end":{"line":79,"column":3}},"10":{"start":{"line":80,"column":2},"end":{"line":82,"column":5}},"11":{"start":{"line":86,"column":0},"end":{"line":89,"column":1}},"12":{"start":{"line":87,"column":2},"end":{"line":87,"column":68}},"13":{"start":{"line":88,"column":2},"end":{"line":88,"column":62}},"14":{"start":{"line":92,"column":0},"end":{"line":105,"column":2}},"15":{"start":{"line":94,"column":23},"end":{"line":94,"column":61}},"16":{"start":{"line":97,"column":2},"end":{"line":100,"column":19}},"17":{"start":{"line":103,"column":2},"end":{"line":103,"column":57}},"18":{"start":{"line":104,"column":2},"end":{"line":104,"column":22}},"19":{"start":{"line":107,"column":14},"end":{"line":107,"column":48}},"20":{"start":{"line":109,"column":0},"end":{"line":109,"column":23}}},"fnMap":{"0":{"name":"(anonymous_0)","decl":{"start":{"line":68,"column":23},"end":{"line":68,"column":24}},"loc":{"start":{"line":68,"column":45},"end":{"line":71,"column":1}},"line":68},"1":{"name":"(anonymous_1)","decl":{"start":{"line":74,"column":39},"end":{"line":74,"column":40}},"loc":{"start":{"line":74,"column":51},"end":{"line":83,"column":1}},"line":74},"2":{"name":"(anonymous_2)","decl":{"start":{"line":86,"column":35},"end":{"line":86,"column":36}},"loc":{"start":{"line":86,"column":68},"end":{"line":89,"column":1}},"line":86},"3":{"name":"(anonymous_3)","decl":{"start":{"line":92,"column":42},"end":{"line":92,"column":43}},"loc":{"start":{"line":92,"column":54},"end":{"line":105,"column":1}},"line":92}},"branchMap":{},"s":{"0":4,"1":4,"2":4,"3":4,"4":4,"5":4,"6":2,"7":2,"8":4,"9":0,"10":0,"11":4,"12":0,"13":0,"14":4,"15":0,"16":0,"17":0,"18":0,"19":4,"20":4},"f":{"0":2,"1":0,"2":0,"3":0},"b":{},"_coverageSchema":"1a1c01bbd47fc00a2c39e90264f33305004495a9","hash":"831567cd9324a0f89513256067e0f93644b104eb"}
,"C:\\Users\\nhutp\\OneDrive\\Documents\\GitHub\\Final\\Backend\\src\\respository\\order.repository.js": {"path":"C:\\Users\\nhutp\\OneDrive\\Documents\\GitHub\\Final\\Backend\\src\\respository\\order.repository.js","statementMap":{"0":{"start":{"line":1,"column":14},"end":{"line":1,"column":40}},"1":{"start":{"line":4,"column":20},"end":{"line":6,"column":1}},"2":{"start":{"line":5,"column":2},"end":{"line":5,"column":35}},"3":{"start":{"line":8,"column":13},"end":{"line":10,"column":1}},"4":{"start":{"line":9,"column":2},"end":{"line":9,"column":22}},"5":{"start":{"line":12,"column":22},"end":{"line":12,"column":72}},"6":{"start":{"line":12,"column":38},"end":{"line":12,"column":70}},"7":{"start":{"line":14,"column":26},"end":{"line":14,"column":84}},"8":{"start":{"line":14,"column":42},"end":{"line":14,"column":82}},"9":{"start":{"line":16,"column":29},"end":{"line":16,"column":90}},"10":{"start":{"line":16,"column":45},"end":{"line":16,"column":88}},"11":{"start":{"line":19,"column":20},"end":{"line":19,"column":79}},"12":{"start":{"line":19,"column":36},"end":{"line":19,"column":77}},"13":{"start":{"line":21,"column":20},"end":{"line":23,"column":1}},"14":{"start":{"line":22,"column":2},"end":{"line":22,"column":89}},"15":{"start":{"line":25,"column":29},"end":{"line":29,"column":1}},"16":{"start":{"line":26,"column":16},"end":{"line":26,"column":39}},"17":{"start":{"line":27,"column":2},"end":{"line":27,"column":41}},"18":{"start":{"line":28,"column":2},"end":{"line":28,"column":22}},"19":{"start":{"line":31,"column":0},"end":{"line":40,"column":1}}},"fnMap":{"0":{"name":"(anonymous_0)","decl":{"start":{"line":4,"column":20},"end":{"line":4,"column":21}},"loc":{"start":{"line":4,"column":37},"end":{"line":6,"column":1}},"line":4},"1":{"name":"(anonymous_1)","decl":{"start":{"line":8,"column":13},"end":{"line":8,"column":14}},"loc":{"start":{"line":8,"column":19},"end":{"line":10,"column":1}},"line":8},"2":{"name":"(anonymous_2)","decl":{"start":{"line":12,"column":22},"end":{"line":12,"column":23}},"loc":{"start":{"line":12,"column":36},"end":{"line":12,"column":72}},"line":12},"3":{"name":"(anonymous_3)","decl":{"start":{"line":14,"column":26},"end":{"line":14,"column":27}},"loc":{"start":{"line":14,"column":40},"end":{"line":14,"column":84}},"line":14},"4":{"name":"(anonymous_4)","decl":{"start":{"line":16,"column":29},"end":{"line":16,"column":30}},"loc":{"start":{"line":16,"column":43},"end":{"line":16,"column":90}},"line":16},"5":{"name":"(anonymous_5)","decl":{"start":{"line":19,"column":20},"end":{"line":19,"column":21}},"loc":{"start":{"line":19,"column":34},"end":{"line":19,"column":79}},"line":19},"6":{"name":"(anonymous_6)","decl":{"start":{"line":21,"column":20},"end":{"line":21,"column":21}},"loc":{"start":{"line":21,"column":44},"end":{"line":23,"column":1}},"line":21},"7":{"name":"(anonymous_7)","decl":{"start":{"line":25,"column":29},"end":{"line":25,"column":30}},"loc":{"start":{"line":25,"column":52},"end":{"line":29,"column":1}},"line":25}},"branchMap":{},"s":{"0":1,"1":1,"2":0,"3":1,"4":0,"5":1,"6":0,"7":1,"8":0,"9":1,"10":0,"11":1,"12":0,"13":1,"14":0,"15":1,"16":0,"17":0,"18":0,"19":1},"f":{"0":0,"1":0,"2":0,"3":0,"4":0,"5":0,"6":0,"7":0},"b":{},"_coverageSchema":"1a1c01bbd47fc00a2c39e90264f33305004495a9","hash":"8b475b388c83699f491314f9ceaf60be339e70a8"}
,"C:\\Users\\nhutp\\OneDrive\\Documents\\GitHub\\Final\\Backend\\src\\respository\\product.repository.js": {"path":"C:\\Users\\nhutp\\OneDrive\\Documents\\GitHub\\Final\\Backend\\src\\respository\\product.repository.js","statementMap":{"0":{"start":{"line":1,"column":14},"end":{"line":1,"column":42}},"1":{"start":{"line":4,"column":22},"end":{"line":6,"column":1}},"2":{"start":{"line":5,"column":2},"end":{"line":5,"column":37}},"3":{"start":{"line":8,"column":13},"end":{"line":10,"column":1}},"4":{"start":{"line":9,"column":2},"end":{"line":9,"column":22}},"5":{"start":{"line":12,"column":24},"end":{"line":12,"column":74}},"6":{"start":{"line":12,"column":40},"end":{"line":12,"column":72}},"7":{"start":{"line":14,"column":33},"end":{"line":14,"column":100}},"8":{"start":{"line":14,"column":51},"end":{"line":14,"column":98}},"9":{"start":{"line":16,"column":30},"end":{"line":18,"column":1}},"10":{"start":{"line":17,"column":2},"end":{"line":17,"column":54}},"11":{"start":{"line":21,"column":22},"end":{"line":21,"column":69}},"12":{"start":{"line":21,"column":32},"end":{"line":21,"column":67}},"13":{"start":{"line":23,"column":22},"end":{"line":25,"column":1}},"14":{"start":{"line":24,"column":2},"end":{"line":24,"column":85}},"15":{"start":{"line":27,"column":30},"end":{"line":29,"column":1}},"16":{"start":{"line":28,"column":2},"end":{"line":28,"column":49}},"17":{"start":{"line":31,"column":0},"end":{"line":40,"column":1}}},"fnMap":{"0":{"name":"(anonymous_0)","decl":{"start":{"line":4,"column":22},"end":{"line":4,"column":23}},"loc":{"start":{"line":4,"column":41},"end":{"line":6,"column":1}},"line":4},"1":{"name":"(anonymous_1)","decl":{"start":{"line":8,"column":13},"end":{"line":8,"column":14}},"loc":{"start":{"line":8,"column":19},"end":{"line":10,"column":1}},"line":8},"2":{"name":"(anonymous_2)","decl":{"start":{"line":12,"column":24},"end":{"line":12,"column":25}},"loc":{"start":{"line":12,"column":38},"end":{"line":12,"column":74}},"line":12},"3":{"name":"(anonymous_3)","decl":{"start":{"line":14,"column":33},"end":{"line":14,"column":34}},"loc":{"start":{"line":14,"column":49},"end":{"line":14,"column":100}},"line":14},"4":{"name":"(anonymous_4)","decl":{"start":{"line":16,"column":30},"end":{"line":16,"column":31}},"loc":{"start":{"line":16,"column":54},"end":{"line":18,"column":1}},"line":16},"5":{"name":"(anonymous_5)","decl":{"start":{"line":21,"column":22},"end":{"line":21,"column":23}},"loc":{"start":{"line":21,"column":30},"end":{"line":21,"column":69}},"line":21},"6":{"name":"(anonymous_6)","decl":{"start":{"line":23,"column":22},"end":{"line":23,"column":23}},"loc":{"start":{"line":23,"column":42},"end":{"line":25,"column":1}},"line":23},"7":{"name":"(anonymous_7)","decl":{"start":{"line":27,"column":30},"end":{"line":27,"column":31}},"loc":{"start":{"line":27,"column":45},"end":{"line":29,"column":1}},"line":27}},"branchMap":{},"s":{"0":1,"1":1,"2":1,"3":1,"4":0,"5":1,"6":0,"7":1,"8":0,"9":1,"10":0,"11":1,"12":0,"13":1,"14":0,"15":1,"16":0,"17":1},"f":{"0":1,"1":0,"2":0,"3":0,"4":0,"5":0,"6":0,"7":0},"b":{},"_coverageSchema":"1a1c01bbd47fc00a2c39e90264f33305004495a9","hash":"51e38dff354fe9fe369ef5d82c8bf7983e1b3b89"}
,"C:\\Users\\nhutp\\OneDrive\\Documents\\GitHub\\Final\\Backend\\src\\respository\\user.repository.js": {"path":"C:\\Users\\nhutp\\OneDrive\\Documents\\GitHub\\Final\\Backend\\src\\respository\\user.repository.js","statementMap":{"0":{"start":{"line":1,"column":14},"end":{"line":1,"column":39}},"1":{"start":{"line":4,"column":19},"end":{"line":6,"column":1}},"2":{"start":{"line":5,"column":2},"end":{"line":5,"column":34}},"3":{"start":{"line":8,"column":13},"end":{"line":10,"column":1}},"4":{"start":{"line":9,"column":2},"end":{"line":9,"column":22}},"5":{"start":{"line":12,"column":21},"end":{"line":12,"column":71}},"6":{"start":{"line":12,"column":37},"end":{"line":12,"column":69}},"7":{"start":{"line":14,"column":27},"end":{"line":14,"column":114}},"8":{"start":{"line":14,"column":45},"end":{"line":14,"column":112}},"9":{"start":{"line":16,"column":24},"end":{"line":16,"column":82}},"10":{"start":{"line":16,"column":43},"end":{"line":16,"column":80}},"11":{"start":{"line":18,"column":19},"end":{"line":18,"column":66}},"12":{"start":{"line":18,"column":29},"end":{"line":18,"column":64}},"13":{"start":{"line":20,"column":19},"end":{"line":22,"column":1}},"14":{"start":{"line":21,"column":2},"end":{"line":21,"column":102}},"15":{"start":{"line":24,"column":29},"end":{"line":29,"column":1}},"16":{"start":{"line":25,"column":2},"end":{"line":28,"column":4}},"17":{"start":{"line":32,"column":0},"end":{"line":41,"column":1}}},"fnMap":{"0":{"name":"(anonymous_0)","decl":{"start":{"line":4,"column":19},"end":{"line":4,"column":20}},"loc":{"start":{"line":4,"column":35},"end":{"line":6,"column":1}},"line":4},"1":{"name":"(anonymous_1)","decl":{"start":{"line":8,"column":13},"end":{"line":8,"column":14}},"loc":{"start":{"line":8,"column":19},"end":{"line":10,"column":1}},"line":8},"2":{"name":"(anonymous_2)","decl":{"start":{"line":12,"column":21},"end":{"line":12,"column":22}},"loc":{"start":{"line":12,"column":35},"end":{"line":12,"column":71}},"line":12},"3":{"name":"(anonymous_3)","decl":{"start":{"line":14,"column":27},"end":{"line":14,"column":28}},"loc":{"start":{"line":14,"column":43},"end":{"line":14,"column":114}},"line":14},"4":{"name":"(anonymous_4)","decl":{"start":{"line":16,"column":24},"end":{"line":16,"column":25}},"loc":{"start":{"line":16,"column":41},"end":{"line":16,"column":82}},"line":16},"5":{"name":"(anonymous_5)","decl":{"start":{"line":18,"column":19},"end":{"line":18,"column":20}},"loc":{"start":{"line":18,"column":27},"end":{"line":18,"column":66}},"line":18},"6":{"name":"(anonymous_6)","decl":{"start":{"line":20,"column":19},"end":{"line":20,"column":20}},"loc":{"start":{"line":20,"column":36},"end":{"line":22,"column":1}},"line":20},"7":{"name":"(anonymous_7)","decl":{"start":{"line":24,"column":29},"end":{"line":24,"column":30}},"loc":{"start":{"line":24,"column":46},"end":{"line":29,"column":1}},"line":24}},"branchMap":{},"s":{"0":3,"1":3,"2":2,"3":3,"4":0,"5":3,"6":0,"7":3,"8":2,"9":3,"10":0,"11":3,"12":0,"13":3,"14":0,"15":3,"16":0,"17":3},"f":{"0":2,"1":0,"2":0,"3":2,"4":0,"5":0,"6":0,"7":0},"b":{},"_coverageSchema":"1a1c01bbd47fc00a2c39e90264f33305004495a9","hash":"74842328f5d2ebef5f65decaad3c40a59041bb11"}
}
