{"C:\\Users\\nhutp\\OneDrive\\Documents\\GitHub\\Final\\Backend\\src\\controller\\user.controller.js": {"path":"C:\\Users\\nhutp\\OneDrive\\Documents\\GitHub\\Final\\Backend\\src\\controller\\user.controller.js","statementMap":{"0":{"start":{"line":11,"column":4},"end":{"line":11,"column":45}},"1":{"start":{"line":13,"column":15},"end":{"line":13,"column":32}},"2":{"start":{"line":14,"column":18},"end":{"line":14,"column":46}},"3":{"start":{"line":17,"column":27},"end":{"line":17,"column":71}},"4":{"start":{"line":21,"column":19},"end":{"line":23,"column":1}},"5":{"start":{"line":22,"column":2},"end":{"line":22,"column":44}},"6":{"start":{"line":27,"column":15},"end":{"line":70,"column":1}},"7":{"start":{"line":28,"column":59},"end":{"line":28,"column":70}},"8":{"start":{"line":29,"column":20},"end":{"line":29,"column":54}},"9":{"start":{"line":30,"column":21},"end":{"line":30,"column":49}},"10":{"start":{"line":32,"column":2},"end":{"line":42,"column":3}},"11":{"start":{"line":33,"column":4},"end":{"line":33,"column":58}},"12":{"start":{"line":36,"column":4},"end":{"line":38,"column":5}},"13":{"start":{"line":37,"column":6},"end":{"line":37,"column":84}},"14":{"start":{"line":39,"column":4},"end":{"line":41,"column":5}},"15":{"start":{"line":40,"column":6},"end":{"line":40,"column":87}},"16":{"start":{"line":44,"column":2},"end":{"line":66,"column":3}},"17":{"start":{"line":45,"column":20},"end":{"line":45,"column":49}},"18":{"start":{"line":47,"column":17},"end":{"line":47,"column":42}},"19":{"start":{"line":49,"column":25},"end":{"line":49,"column":52}},"20":{"start":{"line":51,"column":4},"end":{"line":51,"column":108}},"21":{"start":{"line":53,"column":23},"end":{"line":53,"column":74}},"22":{"start":{"line":55,"column":20},"end":{"line":55,"column":94}},"23":{"start":{"line":57,"column":4},"end":{"line":57,"column":107}},"24":{"start":{"line":59,"column":4},"end":{"line":59,"column":45}},"25":{"start":{"line":64,"column":4},"end":{"line":64,"column":21}},"26":{"start":{"line":65,"column":4},"end":{"line":65,"column":31}},"27":{"start":{"line":74,"column":14},"end":{"line":97,"column":1}},"28":{"start":{"line":75,"column":33},"end":{"line":75,"column":44}},"29":{"start":{"line":76,"column":15},"end":{"line":76,"column":49}},"30":{"start":{"line":77,"column":2},"end":{"line":79,"column":3}},"31":{"start":{"line":78,"column":4},"end":{"line":78,"column":44}},"32":{"start":{"line":80,"column":2},"end":{"line":82,"column":3}},"33":{"start":{"line":81,"column":4},"end":{"line":81,"column":71}},"34":{"start":{"line":83,"column":18},"end":{"line":83,"column":52}},"35":{"start":{"line":84,"column":2},"end":{"line":86,"column":3}},"36":{"start":{"line":85,"column":4},"end":{"line":85,"column":56}},"37":{"start":{"line":88,"column":2},"end":{"line":90,"column":3}},"38":{"start":{"line":89,"column":4},"end":{"line":89,"column":50}},"39":{"start":{"line":92,"column":2},"end":{"line":92,"column":36}},"40":{"start":{"line":101,"column":20},"end":{"line":105,"column":1}},"41":{"start":{"line":102,"column":17},"end":{"line":102,"column":30}},"42":{"start":{"line":104,"column":2},"end":{"line":104,"column":69}},"43":{"start":{"line":107,"column":23},"end":{"line":117,"column":1}},"44":{"start":{"line":108,"column":17},"end":{"line":108,"column":28}},"45":{"start":{"line":109,"column":2},"end":{"line":115,"column":3}},"46":{"start":{"line":110,"column":17},"end":{"line":110,"column":43}},"47":{"start":{"line":111,"column":4},"end":{"line":111,"column":38}},"48":{"start":{"line":114,"column":4},"end":{"line":114,"column":38}},"49":{"start":{"line":121,"column":29},"end":{"line":123,"column":1}},"50":{"start":{"line":122,"column":2},"end":{"line":122,"column":65}},"51":{"start":{"line":127,"column":29},"end":{"line":131,"column":1}},"52":{"start":{"line":128,"column":18},"end":{"line":128,"column":29}},"53":{"start":{"line":130,"column":2},"end":{"line":130,"column":50}},"54":{"start":{"line":135,"column":18},"end":{"line":181,"column":1}},"55":{"start":{"line":136,"column":2},"end":{"line":180,"column":3}},"56":{"start":{"line":137,"column":32},"end":{"line":137,"column":43}},"57":{"start":{"line":138,"column":20},"end":{"line":138,"column":71}},"58":{"start":{"line":139,"column":16},"end":{"line":139,"column":29}},"59":{"start":{"line":142,"column":4},"end":{"line":144,"column":5}},"60":{"start":{"line":143,"column":6},"end":{"line":143,"column":34}},"61":{"start":{"line":145,"column":4},"end":{"line":147,"column":5}},"62":{"start":{"line":146,"column":6},"end":{"line":146,"column":21}},"63":{"start":{"line":148,"column":19},"end":{"line":148,"column":59}},"64":{"start":{"line":150,"column":4},"end":{"line":152,"column":5}},"65":{"start":{"line":151,"column":6},"end":{"line":151,"column":54}},"66":{"start":{"line":153,"column":4},"end":{"line":155,"column":5}},"67":{"start":{"line":154,"column":6},"end":{"line":154,"column":45}},"68":{"start":{"line":157,"column":15},"end":{"line":157,"column":46}},"69":{"start":{"line":159,"column":18},"end":{"line":159,"column":23}},"70":{"start":{"line":160,"column":4},"end":{"line":168,"column":5}},"71":{"start":{"line":160,"column":17},"end":{"line":160,"column":18}},"72":{"start":{"line":161,"column":6},"end":{"line":167,"column":7}},"73":{"start":{"line":162,"column":8},"end":{"line":166,"column":9}},"74":{"start":{"line":163,"column":10},"end":{"line":163,"column":25}},"75":{"start":{"line":164,"column":10},"end":{"line":164,"column":45}},"76":{"start":{"line":165,"column":10},"end":{"line":165,"column":34}},"77":{"start":{"line":169,"column":4},"end":{"line":171,"column":5}},"78":{"start":{"line":170,"column":6},"end":{"line":170,"column":32}},"79":{"start":{"line":174,"column":4},"end":{"line":174,"column":62}},"80":{"start":{"line":176,"column":4},"end":{"line":176,"column":38}},"81":{"start":{"line":179,"column":4},"end":{"line":179,"column":38}},"82":{"start":{"line":185,"column":32},"end":{"line":222,"column":1}},"83":{"start":{"line":186,"column":30},"end":{"line":186,"column":41}},"84":{"start":{"line":187,"column":18},"end":{"line":187,"column":69}},"85":{"start":{"line":188,"column":16},"end":{"line":188,"column":29}},"86":{"start":{"line":189,"column":2},"end":{"line":191,"column":3}},"87":{"start":{"line":190,"column":4},"end":{"line":190,"column":32}},"88":{"start":{"line":192,"column":2},"end":{"line":194,"column":3}},"89":{"start":{"line":193,"column":4},"end":{"line":193,"column":19}},"90":{"start":{"line":195,"column":13},"end":{"line":195,"column":44}},"91":{"start":{"line":197,"column":16},"end":{"line":197,"column":21}},"92":{"start":{"line":198,"column":2},"end":{"line":212,"column":3}},"93":{"start":{"line":198,"column":15},"end":{"line":198,"column":16}},"94":{"start":{"line":199,"column":4},"end":{"line":211,"column":5}},"95":{"start":{"line":200,"column":6},"end":{"line":210,"column":7}},"96":{"start":{"line":201,"column":8},"end":{"line":201,"column":23}},"97":{"start":{"line":202,"column":8},"end":{"line":209,"column":9}},"98":{"start":{"line":203,"column":10},"end":{"line":203,"column":33}},"99":{"start":{"line":204,"column":10},"end":{"line":204,"column":14}},"100":{"start":{"line":207,"column":10},"end":{"line":207,"column":34}},"101":{"start":{"line":208,"column":10},"end":{"line":208,"column":45}},"102":{"start":{"line":214,"column":2},"end":{"line":216,"column":3}},"103":{"start":{"line":215,"column":4},"end":{"line":215,"column":57}},"104":{"start":{"line":219,"column":2},"end":{"line":219,"column":60}},"105":{"start":{"line":221,"column":2},"end":{"line":221,"column":36}},"106":{"start":{"line":226,"column":19},"end":{"line":229,"column":1}},"107":{"start":{"line":227,"column":15},"end":{"line":227,"column":73}},"108":{"start":{"line":228,"column":2},"end":{"line":228,"column":36}},"109":{"start":{"line":231,"column":26},"end":{"line":237,"column":1}},"110":{"start":{"line":233,"column":16},"end":{"line":233,"column":40}},"111":{"start":{"line":236,"column":2},"end":{"line":236,"column":76}},"112":{"start":{"line":243,"column":21},"end":{"line":263,"column":1}},"113":{"start":{"line":245,"column":30},"end":{"line":248,"column":18}},"114":{"start":{"line":250,"column":15},"end":{"line":250,"column":62}},"115":{"start":{"line":252,"column":2},"end":{"line":254,"column":3}},"116":{"start":{"line":253,"column":4},"end":{"line":253,"column":44}},"117":{"start":{"line":256,"column":2},"end":{"line":256,"column":23}},"118":{"start":{"line":257,"column":2},"end":{"line":257,"column":30}},"119":{"start":{"line":258,"column":2},"end":{"line":258,"column":38}},"120":{"start":{"line":259,"column":2},"end":{"line":259,"column":122}},"121":{"start":{"line":261,"column":2},"end":{"line":261,"column":36}},"122":{"start":{"line":265,"column":0},"end":{"line":277,"column":1}}},"fnMap":{"0":{"name":"(anonymous_0)","decl":{"start":{"line":21,"column":19},"end":{"line":21,"column":20}},"loc":{"start":{"line":21,"column":37},"end":{"line":23,"column":1}},"line":21},"1":{"name":"(anonymous_1)","decl":{"start":{"line":27,"column":15},"end":{"line":27,"column":16}},"loc":{"start":{"line":27,"column":33},"end":{"line":70,"column":1}},"line":27},"2":{"name":"(anonymous_2)","decl":{"start":{"line":74,"column":14},"end":{"line":74,"column":15}},"loc":{"start":{"line":74,"column":32},"end":{"line":97,"column":1}},"line":74},"3":{"name":"(anonymous_3)","decl":{"start":{"line":101,"column":20},"end":{"line":101,"column":21}},"loc":{"start":{"line":101,"column":38},"end":{"line":105,"column":1}},"line":101},"4":{"name":"(anonymous_4)","decl":{"start":{"line":107,"column":23},"end":{"line":107,"column":24}},"loc":{"start":{"line":107,"column":41},"end":{"line":117,"column":1}},"line":107},"5":{"name":"(anonymous_5)","decl":{"start":{"line":121,"column":29},"end":{"line":121,"column":30}},"loc":{"start":{"line":121,"column":47},"end":{"line":123,"column":1}},"line":121},"6":{"name":"(anonymous_6)","decl":{"start":{"line":127,"column":29},"end":{"line":127,"column":30}},"loc":{"start":{"line":127,"column":47},"end":{"line":131,"column":1}},"line":127},"7":{"name":"(anonymous_7)","decl":{"start":{"line":135,"column":18},"end":{"line":135,"column":19}},"loc":{"start":{"line":135,"column":42},"end":{"line":181,"column":1}},"line":135},"8":{"name":"(anonymous_8)","decl":{"start":{"line":185,"column":32},"end":{"line":185,"column":33}},"loc":{"start":{"line":185,"column":56},"end":{"line":222,"column":1}},"line":185},"9":{"name":"(anonymous_9)","decl":{"start":{"line":226,"column":19},"end":{"line":226,"column":20}},"loc":{"start":{"line":226,"column":43},"end":{"line":229,"column":1}},"line":226},"10":{"name":"(anonymous_10)","decl":{"start":{"line":231,"column":26},"end":{"line":231,"column":27}},"loc":{"start":{"line":231,"column":39},"end":{"line":237,"column":1}},"line":231},"11":{"name":"(anonymous_11)","decl":{"start":{"line":243,"column":21},"end":{"line":243,"column":22}},"loc":{"start":{"line":243,"column":39},"end":{"line":263,"column":1}},"line":243}},"branchMap":{"0":{"loc":{"start":{"line":32,"column":2},"end":{"line":42,"column":3}},"type":"if","locations":[{"start":{"line":32,"column":2},"end":{"line":42,"column":3}},{"start":{"line":32,"column":2},"end":{"line":42,"column":3}}],"line":32},"1":{"loc":{"start":{"line":36,"column":4},"end":{"line":38,"column":5}},"type":"if","locations":[{"start":{"line":36,"column":4},"end":{"line":38,"column":5}},{"start":{"line":36,"column":4},"end":{"line":38,"column":5}}],"line":36},"2":{"loc":{"start":{"line":39,"column":4},"end":{"line":41,"column":5}},"type":"if","locations":[{"start":{"line":39,"column":4},"end":{"line":41,"column":5}},{"start":{"line":39,"column":4},"end":{"line":41,"column":5}}],"line":39},"3":{"loc":{"start":{"line":77,"column":2},"end":{"line":79,"column":3}},"type":"if","locations":[{"start":{"line":77,"column":2},"end":{"line":79,"column":3}},{"start":{"line":77,"column":2},"end":{"line":79,"column":3}}],"line":77},"4":{"loc":{"start":{"line":80,"column":2},"end":{"line":82,"column":3}},"type":"if","locations":[{"start":{"line":80,"column":2},"end":{"line":82,"column":3}},{"start":{"line":80,"column":2},"end":{"line":82,"column":3}}],"line":80},"5":{"loc":{"start":{"line":84,"column":2},"end":{"line":86,"column":3}},"type":"if","locations":[{"start":{"line":84,"column":2},"end":{"line":86,"column":3}},{"start":{"line":84,"column":2},"end":{"line":86,"column":3}}],"line":84},"6":{"loc":{"start":{"line":88,"column":2},"end":{"line":90,"column":3}},"type":"if","locations":[{"start":{"line":88,"column":2},"end":{"line":90,"column":3}},{"start":{"line":88,"column":2},"end":{"line":90,"column":3}}],"line":88},"7":{"loc":{"start":{"line":142,"column":4},"end":{"line":144,"column":5}},"type":"if","locations":[{"start":{"line":142,"column":4},"end":{"line":144,"column":5}},{"start":{"line":142,"column":4},"end":{"line":144,"column":5}}],"line":142},"8":{"loc":{"start":{"line":145,"column":4},"end":{"line":147,"column":5}},"type":"if","locations":[{"start":{"line":145,"column":4},"end":{"line":147,"column":5}},{"start":{"line":145,"column":4},"end":{"line":147,"column":5}}],"line":145},"9":{"loc":{"start":{"line":150,"column":4},"end":{"line":152,"column":5}},"type":"if","locations":[{"start":{"line":150,"column":4},"end":{"line":152,"column":5}},{"start":{"line":150,"column":4},"end":{"line":152,"column":5}}],"line":150},"10":{"loc":{"start":{"line":153,"column":4},"end":{"line":155,"column":5}},"type":"if","locations":[{"start":{"line":153,"column":4},"end":{"line":155,"column":5}},{"start":{"line":153,"column":4},"end":{"line":155,"column":5}}],"line":153},"11":{"loc":{"start":{"line":161,"column":6},"end":{"line":167,"column":7}},"type":"if","locations":[{"start":{"line":161,"column":6},"end":{"line":167,"column":7}},{"start":{"line":161,"column":6},"end":{"line":167,"column":7}}],"line":161},"12":{"loc":{"start":{"line":162,"column":8},"end":{"line":166,"column":9}},"type":"if","locations":[{"start":{"line":162,"column":8},"end":{"line":166,"column":9}},{"start":{"line":162,"column":8},"end":{"line":166,"column":9}}],"line":162},"13":{"loc":{"start":{"line":169,"column":4},"end":{"line":171,"column":5}},"type":"if","locations":[{"start":{"line":169,"column":4},"end":{"line":171,"column":5}},{"start":{"line":169,"column":4},"end":{"line":171,"column":5}}],"line":169},"14":{"loc":{"start":{"line":189,"column":2},"end":{"line":191,"column":3}},"type":"if","locations":[{"start":{"line":189,"column":2},"end":{"line":191,"column":3}},{"start":{"line":189,"column":2},"end":{"line":191,"column":3}}],"line":189},"15":{"loc":{"start":{"line":192,"column":2},"end":{"line":194,"column":3}},"type":"if","locations":[{"start":{"line":192,"column":2},"end":{"line":194,"column":3}},{"start":{"line":192,"column":2},"end":{"line":194,"column":3}}],"line":192},"16":{"loc":{"start":{"line":199,"column":4},"end":{"line":211,"column":5}},"type":"if","locations":[{"start":{"line":199,"column":4},"end":{"line":211,"column":5}},{"start":{"line":199,"column":4},"end":{"line":211,"column":5}}],"line":199},"17":{"loc":{"start":{"line":200,"column":6},"end":{"line":210,"column":7}},"type":"if","locations":[{"start":{"line":200,"column":6},"end":{"line":210,"column":7}},{"start":{"line":200,"column":6},"end":{"line":210,"column":7}}],"line":200},"18":{"loc":{"start":{"line":202,"column":8},"end":{"line":209,"column":9}},"type":"if","locations":[{"start":{"line":202,"column":8},"end":{"line":209,"column":9}},{"start":{"line":202,"column":8},"end":{"line":209,"column":9}}],"line":202},"19":{"loc":{"start":{"line":214,"column":2},"end":{"line":216,"column":3}},"type":"if","locations":[{"start":{"line":214,"column":2},"end":{"line":216,"column":3}},{"start":{"line":214,"column":2},"end":{"line":216,"column":3}}],"line":214},"20":{"loc":{"start":{"line":252,"column":2},"end":{"line":254,"column":3}},"type":"if","locations":[{"start":{"line":252,"column":2},"end":{"line":254,"column":3}},{"start":{"line":252,"column":2},"end":{"line":254,"column":3}}],"line":252}},"s":{"0":1,"1":1,"2":1,"3":1,"4":1,"5":1,"6":1,"7":1,"8":1,"9":1,"10":0,"11":0,"12":0,"13":0,"14":0,"15":0,"16":0,"17":0,"18":0,"19":0,"20":0,"21":0,"22":0,"23":0,"24":0,"25":0,"26":0,"27":1,"28":0,"29":0,"30":0,"31":0,"32":0,"33":0,"34":0,"35":0,"36":0,"37":0,"38":0,"39":0,"40":1,"41":0,"42":0,"43":1,"44":0,"45":0,"46":0,"47":0,"48":0,"49":1,"50":0,"51":1,"52":0,"53":0,"54":1,"55":0,"56":0,"57":0,"58":0,"59":0,"60":0,"61":0,"62":0,"63":0,"64":0,"65":0,"66":0,"67":0,"68":0,"69":0,"70":0,"71":0,"72":0,"73":0,"74":0,"75":0,"76":0,"77":0,"78":0,"79":0,"80":0,"81":0,"82":1,"83":0,"84":0,"85":0,"86":0,"87":0,"88":0,"89":0,"90":0,"91":0,"92":0,"93":0,"94":0,"95":0,"96":0,"97":0,"98":0,"99":0,"100":0,"101":0,"102":0,"103":0,"104":0,"105":0,"106":1,"107":0,"108":0,"109":1,"110":0,"111":0,"112":1,"113":0,"114":0,"115":0,"116":0,"117":0,"118":0,"119":0,"120":0,"121":0,"122":1},"f":{"0":1,"1":1,"2":0,"3":0,"4":0,"5":0,"6":0,"7":0,"8":0,"9":0,"10":0,"11":0},"b":{"0":[0,0],"1":[0,0],"2":[0,0],"3":[0,0],"4":[0,0],"5":[0,0],"6":[0,0],"7":[0,0],"8":[0,0],"9":[0,0],"10":[0,0],"11":[0,0],"12":[0,0],"13":[0,0],"14":[0,0],"15":[0,0],"16":[0,0],"17":[0,0],"18":[0,0],"19":[0,0],"20":[0,0]},"_coverageSchema":"1a1c01bbd47fc00a2c39e90264f33305004495a9","hash":"71eaa773087b1f0dc440c3766a3734d8d8f72547"}
,"C:\\Users\\nhutp\\OneDrive\\Documents\\GitHub\\Final\\Backend\\src\\controller\\middleware\\mail.js": {"path":"C:\\Users\\nhutp\\OneDrive\\Documents\\GitHub\\Final\\Backend\\src\\controller\\middleware\\mail.js","statementMap":{"0":{"start":{"line":1,"column":19},"end":{"line":1,"column":40}},"1":{"start":{"line":4,"column":18},"end":{"line":30,"column":1}},"2":{"start":{"line":5,"column":22},"end":{"line":11,"column":4}},"3":{"start":{"line":14,"column":18},"end":{"line":20,"column":3}},"4":{"start":{"line":22,"column":15},"end":{"line":22,"column":50}},"5":{"start":{"line":24,"column":2},"end":{"line":24,"column":50}},"6":{"start":{"line":28,"column":2},"end":{"line":28,"column":69}},"7":{"start":{"line":32,"column":0},"end":{"line":32,"column":27}}},"fnMap":{"0":{"name":"(anonymous_0)","decl":{"start":{"line":4,"column":18},"end":{"line":4,"column":19}},"loc":{"start":{"line":4,"column":35},"end":{"line":30,"column":1}},"line":4}},"branchMap":{},"s":{"0":1,"1":1,"2":0,"3":0,"4":0,"5":0,"6":0,"7":1},"f":{"0":0},"b":{},"_coverageSchema":"1a1c01bbd47fc00a2c39e90264f33305004495a9","hash":"f31fc287475e70c060a6ba72fd395ff7a29a73d0"}
,"C:\\Users\\nhutp\\OneDrive\\Documents\\GitHub\\Final\\Backend\\src\\model\\orders.js": {"path":"C:\\Users\\nhutp\\OneDrive\\Documents\\GitHub\\Final\\Backend\\src\\model\\orders.js","statementMap":{"0":{"start":{"line":1,"column":17},"end":{"line":1,"column":36}},"1":{"start":{"line":3,"column":20},"end":{"line":32,"column":4}},"2":{"start":{"line":34,"column":14},"end":{"line":34,"column":50}},"3":{"start":{"line":36,"column":0},"end":{"line":36,"column":23}}},"fnMap":{},"branchMap":{},"s":{"0":1,"1":1,"2":1,"3":1},"f":{},"b":{},"_coverageSchema":"1a1c01bbd47fc00a2c39e90264f33305004495a9","hash":"dcf3a358e0826f936b88a1f4c383df7d797dc6e6"}
,"C:\\Users\\nhutp\\OneDrive\\Documents\\GitHub\\Final\\Backend\\src\\model\\products.js": {"path":"C:\\Users\\nhutp\\OneDrive\\Documents\\GitHub\\Final\\Backend\\src\\model\\products.js","statementMap":{"0":{"start":{"line":1,"column":17},"end":{"line":1,"column":36}},"1":{"start":{"line":3,"column":22},"end":{"line":40,"column":4}},"2":{"start":{"line":42,"column":14},"end":{"line":42,"column":54}},"3":{"start":{"line":44,"column":0},"end":{"line":44,"column":23}}},"fnMap":{},"branchMap":{},"s":{"0":2,"1":2,"2":2,"3":2},"f":{},"b":{},"_coverageSchema":"1a1c01bbd47fc00a2c39e90264f33305004495a9","hash":"b29526b47a64f605285534ef0199023600395873"}
,"C:\\Users\\nhutp\\OneDrive\\Documents\\GitHub\\Final\\Backend\\src\\model\\users.js": {"path":"C:\\Users\\nhutp\\OneDrive\\Documents\\GitHub\\Final\\Backend\\src\\model\\users.js","statementMap":{"0":{"start":{"line":1,"column":17},"end":{"line":1,"column":36}},"1":{"start":{"line":2,"column":15},"end":{"line":2,"column":34}},"2":{"start":{"line":3,"column":12},"end":{"line":3,"column":35}},"3":{"start":{"line":4,"column":15},"end":{"line":4,"column":32}},"4":{"start":{"line":6,"column":19},"end":{"line":65,"column":4}},"5":{"start":{"line":68,"column":0},"end":{"line":71,"column":2}},"6":{"start":{"line":69,"column":15},"end":{"line":69,"column":39}},"7":{"start":{"line":70,"column":2},"end":{"line":70,"column":57}},"8":{"start":{"line":74,"column":0},"end":{"line":83,"column":1}},"9":{"start":{"line":75,"column":18},"end":{"line":79,"column":3}},"10":{"start":{"line":80,"column":2},"end":{"line":82,"column":5}},"11":{"start":{"line":86,"column":0},"end":{"line":89,"column":1}},"12":{"start":{"line":87,"column":2},"end":{"line":87,"column":68}},"13":{"start":{"line":88,"column":2},"end":{"line":88,"column":62}},"14":{"start":{"line":92,"column":0},"end":{"line":105,"column":2}},"15":{"start":{"line":94,"column":23},"end":{"line":94,"column":61}},"16":{"start":{"line":97,"column":2},"end":{"line":100,"column":19}},"17":{"start":{"line":103,"column":2},"end":{"line":103,"column":57}},"18":{"start":{"line":104,"column":2},"end":{"line":104,"column":22}},"19":{"start":{"line":107,"column":14},"end":{"line":107,"column":48}},"20":{"start":{"line":109,"column":0},"end":{"line":109,"column":23}}},"fnMap":{"0":{"name":"(anonymous_0)","decl":{"start":{"line":68,"column":23},"end":{"line":68,"column":24}},"loc":{"start":{"line":68,"column":45},"end":{"line":71,"column":1}},"line":68},"1":{"name":"(anonymous_1)","decl":{"start":{"line":74,"column":39},"end":{"line":74,"column":40}},"loc":{"start":{"line":74,"column":51},"end":{"line":83,"column":1}},"line":74},"2":{"name":"(anonymous_2)","decl":{"start":{"line":86,"column":35},"end":{"line":86,"column":36}},"loc":{"start":{"line":86,"column":68},"end":{"line":89,"column":1}},"line":86},"3":{"name":"(anonymous_3)","decl":{"start":{"line":92,"column":42},"end":{"line":92,"column":43}},"loc":{"start":{"line":92,"column":54},"end":{"line":105,"column":1}},"line":92}},"branchMap":{},"s":{"0":4,"1":4,"2":4,"3":4,"4":4,"5":4,"6":3,"7":3,"8":4,"9":0,"10":0,"11":4,"12":2,"13":2,"14":4,"15":0,"16":0,"17":0,"18":0,"19":4,"20":4},"f":{"0":3,"1":0,"2":2,"3":0},"b":{},"_coverageSchema":"1a1c01bbd47fc00a2c39e90264f33305004495a9","hash":"831567cd9324a0f89513256067e0f93644b104eb"}
,"C:\\Users\\nhutp\\OneDrive\\Documents\\GitHub\\Final\\Backend\\src\\respository\\order.repository.js": {"path":"C:\\Users\\nhutp\\OneDrive\\Documents\\GitHub\\Final\\Backend\\src\\respository\\order.repository.js","statementMap":{"0":{"start":{"line":1,"column":14},"end":{"line":1,"column":40}},"1":{"start":{"line":4,"column":20},"end":{"line":6,"column":1}},"2":{"start":{"line":5,"column":2},"end":{"line":5,"column":35}},"3":{"start":{"line":8,"column":13},"end":{"line":10,"column":1}},"4":{"start":{"line":9,"column":2},"end":{"line":9,"column":22}},"5":{"start":{"line":12,"column":22},"end":{"line":12,"column":72}},"6":{"start":{"line":12,"column":38},"end":{"line":12,"column":70}},"7":{"start":{"line":14,"column":26},"end":{"line":14,"column":84}},"8":{"start":{"line":14,"column":42},"end":{"line":14,"column":82}},"9":{"start":{"line":16,"column":29},"end":{"line":16,"column":90}},"10":{"start":{"line":16,"column":45},"end":{"line":16,"column":88}},"11":{"start":{"line":19,"column":20},"end":{"line":19,"column":79}},"12":{"start":{"line":19,"column":36},"end":{"line":19,"column":77}},"13":{"start":{"line":21,"column":20},"end":{"line":23,"column":1}},"14":{"start":{"line":22,"column":2},"end":{"line":22,"column":89}},"15":{"start":{"line":25,"column":29},"end":{"line":29,"column":1}},"16":{"start":{"line":26,"column":16},"end":{"line":26,"column":39}},"17":{"start":{"line":27,"column":2},"end":{"line":27,"column":41}},"18":{"start":{"line":28,"column":2},"end":{"line":28,"column":22}},"19":{"start":{"line":31,"column":0},"end":{"line":40,"column":1}}},"fnMap":{"0":{"name":"(anonymous_0)","decl":{"start":{"line":4,"column":20},"end":{"line":4,"column":21}},"loc":{"start":{"line":4,"column":37},"end":{"line":6,"column":1}},"line":4},"1":{"name":"(anonymous_1)","decl":{"start":{"line":8,"column":13},"end":{"line":8,"column":14}},"loc":{"start":{"line":8,"column":19},"end":{"line":10,"column":1}},"line":8},"2":{"name":"(anonymous_2)","decl":{"start":{"line":12,"column":22},"end":{"line":12,"column":23}},"loc":{"start":{"line":12,"column":36},"end":{"line":12,"column":72}},"line":12},"3":{"name":"(anonymous_3)","decl":{"start":{"line":14,"column":26},"end":{"line":14,"column":27}},"loc":{"start":{"line":14,"column":40},"end":{"line":14,"column":84}},"line":14},"4":{"name":"(anonymous_4)","decl":{"start":{"line":16,"column":29},"end":{"line":16,"column":30}},"loc":{"start":{"line":16,"column":43},"end":{"line":16,"column":90}},"line":16},"5":{"name":"(anonymous_5)","decl":{"start":{"line":19,"column":20},"end":{"line":19,"column":21}},"loc":{"start":{"line":19,"column":34},"end":{"line":19,"column":79}},"line":19},"6":{"name":"(anonymous_6)","decl":{"start":{"line":21,"column":20},"end":{"line":21,"column":21}},"loc":{"start":{"line":21,"column":44},"end":{"line":23,"column":1}},"line":21},"7":{"name":"(anonymous_7)","decl":{"start":{"line":25,"column":29},"end":{"line":25,"column":30}},"loc":{"start":{"line":25,"column":52},"end":{"line":29,"column":1}},"line":25}},"branchMap":{},"s":{"0":1,"1":1,"2":0,"3":1,"4":0,"5":1,"6":0,"7":1,"8":0,"9":1,"10":0,"11":1,"12":0,"13":1,"14":0,"15":1,"16":0,"17":0,"18":0,"19":1},"f":{"0":0,"1":0,"2":0,"3":0,"4":0,"5":0,"6":0,"7":0},"b":{},"_coverageSchema":"1a1c01bbd47fc00a2c39e90264f33305004495a9","hash":"8b475b388c83699f491314f9ceaf60be339e70a8"}
,"C:\\Users\\nhutp\\OneDrive\\Documents\\GitHub\\Final\\Backend\\src\\respository\\product.repository.js": {"path":"C:\\Users\\nhutp\\OneDrive\\Documents\\GitHub\\Final\\Backend\\src\\respository\\product.repository.js","statementMap":{"0":{"start":{"line":1,"column":14},"end":{"line":1,"column":42}},"1":{"start":{"line":4,"column":22},"end":{"line":6,"column":1}},"2":{"start":{"line":5,"column":2},"end":{"line":5,"column":37}},"3":{"start":{"line":8,"column":13},"end":{"line":10,"column":1}},"4":{"start":{"line":9,"column":2},"end":{"line":9,"column":22}},"5":{"start":{"line":12,"column":24},"end":{"line":12,"column":74}},"6":{"start":{"line":12,"column":40},"end":{"line":12,"column":72}},"7":{"start":{"line":14,"column":33},"end":{"line":14,"column":100}},"8":{"start":{"line":14,"column":51},"end":{"line":14,"column":98}},"9":{"start":{"line":16,"column":30},"end":{"line":18,"column":1}},"10":{"start":{"line":17,"column":2},"end":{"line":17,"column":54}},"11":{"start":{"line":21,"column":22},"end":{"line":21,"column":69}},"12":{"start":{"line":21,"column":32},"end":{"line":21,"column":67}},"13":{"start":{"line":23,"column":22},"end":{"line":25,"column":1}},"14":{"start":{"line":24,"column":2},"end":{"line":24,"column":85}},"15":{"start":{"line":27,"column":30},"end":{"line":29,"column":1}},"16":{"start":{"line":28,"column":2},"end":{"line":28,"column":49}},"17":{"start":{"line":31,"column":0},"end":{"line":40,"column":1}}},"fnMap":{"0":{"name":"(anonymous_0)","decl":{"start":{"line":4,"column":22},"end":{"line":4,"column":23}},"loc":{"start":{"line":4,"column":41},"end":{"line":6,"column":1}},"line":4},"1":{"name":"(anonymous_1)","decl":{"start":{"line":8,"column":13},"end":{"line":8,"column":14}},"loc":{"start":{"line":8,"column":19},"end":{"line":10,"column":1}},"line":8},"2":{"name":"(anonymous_2)","decl":{"start":{"line":12,"column":24},"end":{"line":12,"column":25}},"loc":{"start":{"line":12,"column":38},"end":{"line":12,"column":74}},"line":12},"3":{"name":"(anonymous_3)","decl":{"start":{"line":14,"column":33},"end":{"line":14,"column":34}},"loc":{"start":{"line":14,"column":49},"end":{"line":14,"column":100}},"line":14},"4":{"name":"(anonymous_4)","decl":{"start":{"line":16,"column":30},"end":{"line":16,"column":31}},"loc":{"start":{"line":16,"column":54},"end":{"line":18,"column":1}},"line":16},"5":{"name":"(anonymous_5)","decl":{"start":{"line":21,"column":22},"end":{"line":21,"column":23}},"loc":{"start":{"line":21,"column":30},"end":{"line":21,"column":69}},"line":21},"6":{"name":"(anonymous_6)","decl":{"start":{"line":23,"column":22},"end":{"line":23,"column":23}},"loc":{"start":{"line":23,"column":42},"end":{"line":25,"column":1}},"line":23},"7":{"name":"(anonymous_7)","decl":{"start":{"line":27,"column":30},"end":{"line":27,"column":31}},"loc":{"start":{"line":27,"column":45},"end":{"line":29,"column":1}},"line":27}},"branchMap":{},"s":{"0":2,"1":2,"2":1,"3":2,"4":0,"5":2,"6":0,"7":2,"8":0,"9":2,"10":0,"11":2,"12":0,"13":2,"14":0,"15":2,"16":0,"17":2},"f":{"0":1,"1":0,"2":0,"3":0,"4":0,"5":0,"6":0,"7":0},"b":{},"_coverageSchema":"1a1c01bbd47fc00a2c39e90264f33305004495a9","hash":"51e38dff354fe9fe369ef5d82c8bf7983e1b3b89"}
,"C:\\Users\\nhutp\\OneDrive\\Documents\\GitHub\\Final\\Backend\\src\\respository\\user.repository.js": {"path":"C:\\Users\\nhutp\\OneDrive\\Documents\\GitHub\\Final\\Backend\\src\\respository\\user.repository.js","statementMap":{"0":{"start":{"line":1,"column":14},"end":{"line":1,"column":39}},"1":{"start":{"line":4,"column":19},"end":{"line":6,"column":1}},"2":{"start":{"line":5,"column":2},"end":{"line":5,"column":34}},"3":{"start":{"line":8,"column":13},"end":{"line":10,"column":1}},"4":{"start":{"line":9,"column":2},"end":{"line":9,"column":22}},"5":{"start":{"line":12,"column":21},"end":{"line":12,"column":71}},"6":{"start":{"line":12,"column":37},"end":{"line":12,"column":69}},"7":{"start":{"line":14,"column":27},"end":{"line":14,"column":114}},"8":{"start":{"line":14,"column":45},"end":{"line":14,"column":112}},"9":{"start":{"line":16,"column":24},"end":{"line":16,"column":82}},"10":{"start":{"line":16,"column":43},"end":{"line":16,"column":80}},"11":{"start":{"line":18,"column":19},"end":{"line":18,"column":66}},"12":{"start":{"line":18,"column":29},"end":{"line":18,"column":64}},"13":{"start":{"line":20,"column":19},"end":{"line":22,"column":1}},"14":{"start":{"line":21,"column":2},"end":{"line":21,"column":102}},"15":{"start":{"line":24,"column":29},"end":{"line":29,"column":1}},"16":{"start":{"line":25,"column":2},"end":{"line":28,"column":4}},"17":{"start":{"line":32,"column":0},"end":{"line":41,"column":1}}},"fnMap":{"0":{"name":"(anonymous_0)","decl":{"start":{"line":4,"column":19},"end":{"line":4,"column":20}},"loc":{"start":{"line":4,"column":35},"end":{"line":6,"column":1}},"line":4},"1":{"name":"(anonymous_1)","decl":{"start":{"line":8,"column":13},"end":{"line":8,"column":14}},"loc":{"start":{"line":8,"column":19},"end":{"line":10,"column":1}},"line":8},"2":{"name":"(anonymous_2)","decl":{"start":{"line":12,"column":21},"end":{"line":12,"column":22}},"loc":{"start":{"line":12,"column":35},"end":{"line":12,"column":71}},"line":12},"3":{"name":"(anonymous_3)","decl":{"start":{"line":14,"column":27},"end":{"line":14,"column":28}},"loc":{"start":{"line":14,"column":43},"end":{"line":14,"column":114}},"line":14},"4":{"name":"(anonymous_4)","decl":{"start":{"line":16,"column":24},"end":{"line":16,"column":25}},"loc":{"start":{"line":16,"column":41},"end":{"line":16,"column":82}},"line":16},"5":{"name":"(anonymous_5)","decl":{"start":{"line":18,"column":19},"end":{"line":18,"column":20}},"loc":{"start":{"line":18,"column":27},"end":{"line":18,"column":66}},"line":18},"6":{"name":"(anonymous_6)","decl":{"start":{"line":20,"column":19},"end":{"line":20,"column":20}},"loc":{"start":{"line":20,"column":36},"end":{"line":22,"column":1}},"line":20},"7":{"name":"(anonymous_7)","decl":{"start":{"line":24,"column":29},"end":{"line":24,"column":30}},"loc":{"start":{"line":24,"column":46},"end":{"line":29,"column":1}},"line":24}},"branchMap":{},"s":{"0":3,"1":3,"2":2,"3":3,"4":1,"5":3,"6":0,"7":3,"8":3,"9":3,"10":1,"11":3,"12":0,"13":3,"14":1,"15":3,"16":0,"17":3},"f":{"0":2,"1":1,"2":0,"3":3,"4":1,"5":0,"6":1,"7":0},"b":{},"_coverageSchema":"1a1c01bbd47fc00a2c39e90264f33305004495a9","hash":"74842328f5d2ebef5f65decaad3c40a59041bb11"}
}
