TN:
SF:Backend\src\model\orders.js
FNF:0
FNH:0
DA:1,1
DA:3,1
DA:34,1
DA:36,1
LF:4
LH:4
BRF:0
BRH:0
end_of_record
TN:
SF:Backend\src\model\products.js
FNF:0
FNH:0
DA:1,1
DA:3,1
DA:42,1
DA:44,1
LF:4
LH:4
BRF:0
BRH:0
end_of_record
TN:
SF:Backend\src\model\users.js
FN:68,(anonymous_0)
FN:74,(anonymous_1)
FN:86,(anonymous_2)
FN:92,(anonymous_3)
FNF:4
FNH:1
FNDA:2,(anonymous_0)
FNDA:0,(anonymous_1)
FNDA:0,(anonymous_2)
FNDA:0,(anonymous_3)
DA:1,4
DA:2,4
DA:3,4
DA:4,4
DA:6,4
DA:68,4
DA:69,2
DA:70,2
DA:74,4
DA:75,0
DA:80,0
DA:86,4
DA:87,0
DA:88,0
DA:92,4
DA:94,0
DA:97,0
DA:103,0
DA:104,0
DA:107,4
DA:109,4
LF:21
LH:13
BRF:0
BRH:0
end_of_record
TN:
SF:Backend\src\respository\order.repository.js
FN:4,(anonymous_0)
FN:8,(anonymous_1)
FN:12,(anonymous_2)
FN:14,(anonymous_3)
FN:16,(anonymous_4)
FN:19,(anonymous_5)
FN:21,(anonymous_6)
FN:25,(anonymous_7)
FNF:8
FNH:0
FNDA:0,(anonymous_0)
FNDA:0,(anonymous_1)
FNDA:0,(anonymous_2)
FNDA:0,(anonymous_3)
FNDA:0,(anonymous_4)
FNDA:0,(anonymous_5)
FNDA:0,(anonymous_6)
FNDA:0,(anonymous_7)
DA:1,1
DA:4,1
DA:5,0
DA:8,1
DA:9,0
DA:12,1
DA:14,1
DA:16,1
DA:19,1
DA:21,1
DA:22,0
DA:25,1
DA:26,0
DA:27,0
DA:28,0
DA:31,1
LF:16
LH:10
BRF:0
BRH:0
end_of_record
TN:
SF:Backend\src\respository\product.repository.js
FN:4,(anonymous_0)
FN:8,(anonymous_1)
FN:12,(anonymous_2)
FN:14,(anonymous_3)
FN:16,(anonymous_4)
FN:21,(anonymous_5)
FN:23,(anonymous_6)
FN:27,(anonymous_7)
FNF:8
FNH:1
FNDA:1,(anonymous_0)
FNDA:0,(anonymous_1)
FNDA:0,(anonymous_2)
FNDA:0,(anonymous_3)
FNDA:0,(anonymous_4)
FNDA:0,(anonymous_5)
FNDA:0,(anonymous_6)
FNDA:0,(anonymous_7)
DA:1,1
DA:4,1
DA:5,1
DA:8,1
DA:9,0
DA:12,1
DA:14,1
DA:16,1
DA:17,0
DA:21,1
DA:23,1
DA:24,0
DA:27,1
DA:28,0
DA:31,1
LF:15
LH:11
BRF:0
BRH:0
end_of_record
TN:
SF:Backend\src\respository\user.repository.js
FN:4,(anonymous_0)
FN:8,(anonymous_1)
FN:12,(anonymous_2)
FN:14,(anonymous_3)
FN:16,(anonymous_4)
FN:18,(anonymous_5)
FN:20,(anonymous_6)
FN:24,(anonymous_7)
FNF:8
FNH:2
FNDA:2,(anonymous_0)
FNDA:0,(anonymous_1)
FNDA:0,(anonymous_2)
FNDA:2,(anonymous_3)
FNDA:0,(anonymous_4)
FNDA:0,(anonymous_5)
FNDA:0,(anonymous_6)
FNDA:0,(anonymous_7)
DA:1,3
DA:4,3
DA:5,2
DA:8,3
DA:9,0
DA:12,3
DA:14,3
DA:16,3
DA:18,3
DA:20,3
DA:21,0
DA:24,3
DA:25,0
DA:32,3
LF:14
LH:11
BRF:0
BRH:0
end_of_record
